DEB [20190615-16:16:44.480] thr=1   paramiko.transport: starting thread (client mode): 0xe29e2b38
DEB [20190615-16:16:44.480] thr=1   paramiko.transport: Local version/idstring: SSH-2.0-paramiko_2.4.2
DEB [20190615-16:16:44.508] thr=1   paramiko.transport: Remote version/idstring: SSH-2.0-OpenSSH_7.6p1 Ubuntu-4ubuntu0.3
INF [20190615-16:16:44.508] thr=1   paramiko.transport: Connected (version 2.0, client OpenSSH_7.6p1)
DEB [20190615-16:16:44.511] thr=1   paramiko.transport: kex algos:['curve25519-sha256', 'curve25519-sha256@libssh.org', 'ecdh-sha2-nistp256', 'ecdh-sha2-nistp384', 'ecdh-sha2-nistp521', 'diffie-hellman-group-exchange-sha256', 'diffie-hellman-group16-sha512', 'diffie-hellman-group18-sha512', 'diffie-hellman-group14-sha256', 'diffie-hellman-group14-sha1'] server key:['ssh-rsa', 'rsa-sha2-512', 'rsa-sha2-256', 'ecdsa-sha2-nistp256', 'ssh-ed25519'] client encrypt:['chacha20-poly1305@openssh.com', 'aes128-ctr', 'aes192-ctr', 'aes256-ctr', 'aes128-gcm@openssh.com', 'aes256-gcm@openssh.com'] server encrypt:['chacha20-poly1305@openssh.com', 'aes128-ctr', 'aes192-ctr', 'aes256-ctr', 'aes128-gcm@openssh.com', 'aes256-gcm@openssh.com'] client mac:['umac-64-etm@openssh.com', 'umac-128-etm@openssh.com', 'hmac-sha2-256-etm@openssh.com', 'hmac-sha2-512-etm@openssh.com', 'hmac-sha1-etm@openssh.com', 'umac-64@openssh.com', 'umac-128@openssh.com', 'hmac-sha2-256', 'hmac-sha2-512', 'hmac-sha1'] server mac:['umac-64-etm@openssh.com', 'umac-128-etm@openssh.com', 'hmac-sha2-256-etm@openssh.com', 'hmac-sha2-512-etm@openssh.com', 'hmac-sha1-etm@openssh.com', 'umac-64@openssh.com', 'umac-128@openssh.com', 'hmac-sha2-256', 'hmac-sha2-512', 'hmac-sha1'] client compress:['none', 'zlib@openssh.com'] server compress:['none', 'zlib@openssh.com'] client lang:[''] server lang:[''] kex follows?False
DEB [20190615-16:16:44.511] thr=1   paramiko.transport: Kex agreed: ecdh-sha2-nistp256
DEB [20190615-16:16:44.511] thr=1   paramiko.transport: HostKey agreed: ecdsa-sha2-nistp256
DEB [20190615-16:16:44.511] thr=1   paramiko.transport: Cipher agreed: aes128-ctr
DEB [20190615-16:16:44.511] thr=1   paramiko.transport: MAC agreed: hmac-sha2-256
DEB [20190615-16:16:44.511] thr=1   paramiko.transport: Compression agreed: none
DEB [20190615-16:16:44.583] thr=1   paramiko.transport: kex engine KexNistp256 specified hash_algo <built-in function openssl_sha256>
DEB [20190615-16:16:44.584] thr=1   paramiko.transport: Switch to new keys ...
DEB [20190615-16:16:44.585] thr=2   paramiko.transport: Attempting GSS-API auth... (gssapi-with-mic)
DEB [20190615-16:16:44.634] thr=1   paramiko.transport: userauth is OK
ERR [20190615-16:16:44.634] thr=1   paramiko.transport: Unknown exception: Unable to import a GSS-API / SSPI module!
ERR [20190615-16:16:44.636] thr=1   paramiko.transport: Traceback (most recent call last):
ERR [20190615-16:16:44.637] thr=1   paramiko.transport:   File "/usr/lib/python3.7/site-packages/paramiko/transport.py", line 2036, in run
ERR [20190615-16:16:44.637] thr=1   paramiko.transport:     handler(self.auth_handler, m)
ERR [20190615-16:16:44.637] thr=1   paramiko.transport:   File "/usr/lib/python3.7/site-packages/paramiko/auth_handler.py", line 304, in _parse_service_accept
ERR [20190615-16:16:44.637] thr=1   paramiko.transport:     sshgss = GSSAuth(self.auth_method, self.gss_deleg_creds)
ERR [20190615-16:16:44.637] thr=1   paramiko.transport:   File "/usr/lib/python3.7/site-packages/paramiko/ssh_gss.py", line 98, in GSSAuth
ERR [20190615-16:16:44.637] thr=1   paramiko.transport:     raise ImportError("Unable to import a GSS-API / SSPI module!")
ERR [20190615-16:16:44.637] thr=1   paramiko.transport: ImportError: Unable to import a GSS-API / SSPI module!
ERR [20190615-16:16:44.637] thr=1   paramiko.transport: 
DEB [20190615-16:22:06.995] thr=1   paramiko.transport: starting thread (client mode): 0x3ab85080
DEB [20190615-16:22:06.995] thr=1   paramiko.transport: Local version/idstring: SSH-2.0-paramiko_2.4.2
DEB [20190615-16:22:07.024] thr=1   paramiko.transport: Remote version/idstring: SSH-2.0-OpenSSH_7.6p1 Ubuntu-4ubuntu0.3
INF [20190615-16:22:07.024] thr=1   paramiko.transport: Connected (version 2.0, client OpenSSH_7.6p1)
DEB [20190615-16:22:07.026] thr=1   paramiko.transport: kex algos:['curve25519-sha256', 'curve25519-sha256@libssh.org', 'ecdh-sha2-nistp256', 'ecdh-sha2-nistp384', 'ecdh-sha2-nistp521', 'diffie-hellman-group-exchange-sha256', 'diffie-hellman-group16-sha512', 'diffie-hellman-group18-sha512', 'diffie-hellman-group14-sha256', 'diffie-hellman-group14-sha1'] server key:['ssh-rsa', 'rsa-sha2-512', 'rsa-sha2-256', 'ecdsa-sha2-nistp256', 'ssh-ed25519'] client encrypt:['chacha20-poly1305@openssh.com', 'aes128-ctr', 'aes192-ctr', 'aes256-ctr', 'aes128-gcm@openssh.com', 'aes256-gcm@openssh.com'] server encrypt:['chacha20-poly1305@openssh.com', 'aes128-ctr', 'aes192-ctr', 'aes256-ctr', 'aes128-gcm@openssh.com', 'aes256-gcm@openssh.com'] client mac:['umac-64-etm@openssh.com', 'umac-128-etm@openssh.com', 'hmac-sha2-256-etm@openssh.com', 'hmac-sha2-512-etm@openssh.com', 'hmac-sha1-etm@openssh.com', 'umac-64@openssh.com', 'umac-128@openssh.com', 'hmac-sha2-256', 'hmac-sha2-512', 'hmac-sha1'] server mac:['umac-64-etm@openssh.com', 'umac-128-etm@openssh.com', 'hmac-sha2-256-etm@openssh.com', 'hmac-sha2-512-etm@openssh.com', 'hmac-sha1-etm@openssh.com', 'umac-64@openssh.com', 'umac-128@openssh.com', 'hmac-sha2-256', 'hmac-sha2-512', 'hmac-sha1'] client compress:['none', 'zlib@openssh.com'] server compress:['none', 'zlib@openssh.com'] client lang:[''] server lang:[''] kex follows?False
DEB [20190615-16:22:07.026] thr=1   paramiko.transport: Kex agreed: ecdh-sha2-nistp256
DEB [20190615-16:22:07.026] thr=1   paramiko.transport: HostKey agreed: ecdsa-sha2-nistp256
DEB [20190615-16:22:07.027] thr=1   paramiko.transport: Cipher agreed: aes128-ctr
DEB [20190615-16:22:07.027] thr=1   paramiko.transport: MAC agreed: hmac-sha2-256
DEB [20190615-16:22:07.027] thr=1   paramiko.transport: Compression agreed: none
DEB [20190615-16:22:07.097] thr=1   paramiko.transport: kex engine KexNistp256 specified hash_algo <built-in function openssl_sha256>
DEB [20190615-16:22:07.097] thr=1   paramiko.transport: Switch to new keys ...
DEB [20190615-16:22:07.097] thr=2   paramiko.transport: Attempting GSS-API auth... (gssapi-with-mic)
DEB [20190615-16:22:07.143] thr=1   paramiko.transport: userauth is OK
ERR [20190615-16:22:07.143] thr=1   paramiko.transport: Unknown exception: Unable to import a GSS-API / SSPI module!
ERR [20190615-16:22:07.146] thr=1   paramiko.transport: Traceback (most recent call last):
ERR [20190615-16:22:07.146] thr=1   paramiko.transport:   File "/usr/lib/python3.7/site-packages/paramiko/transport.py", line 2036, in run
ERR [20190615-16:22:07.146] thr=1   paramiko.transport:     handler(self.auth_handler, m)
ERR [20190615-16:22:07.146] thr=1   paramiko.transport:   File "/usr/lib/python3.7/site-packages/paramiko/auth_handler.py", line 304, in _parse_service_accept
ERR [20190615-16:22:07.147] thr=1   paramiko.transport:     sshgss = GSSAuth(self.auth_method, self.gss_deleg_creds)
ERR [20190615-16:22:07.147] thr=1   paramiko.transport:   File "/usr/lib/python3.7/site-packages/paramiko/ssh_gss.py", line 98, in GSSAuth
ERR [20190615-16:22:07.147] thr=1   paramiko.transport:     raise ImportError("Unable to import a GSS-API / SSPI module!")
ERR [20190615-16:22:07.147] thr=1   paramiko.transport: ImportError: Unable to import a GSS-API / SSPI module!
ERR [20190615-16:22:07.147] thr=1   paramiko.transport: 
DEB [20190615-16:23:02.195] thr=1   paramiko.transport: starting thread (client mode): 0x1afe5f60
DEB [20190615-16:23:02.195] thr=1   paramiko.transport: Local version/idstring: SSH-2.0-paramiko_2.4.2
DEB [20190615-16:23:02.206] thr=1   paramiko.transport: Remote version/idstring: SSH-2.0-OpenSSH_7.6p1 Ubuntu-4ubuntu0.3
INF [20190615-16:23:02.206] thr=1   paramiko.transport: Connected (version 2.0, client OpenSSH_7.6p1)
DEB [20190615-16:23:02.208] thr=1   paramiko.transport: kex algos:['curve25519-sha256', 'curve25519-sha256@libssh.org', 'ecdh-sha2-nistp256', 'ecdh-sha2-nistp384', 'ecdh-sha2-nistp521', 'diffie-hellman-group-exchange-sha256', 'diffie-hellman-group16-sha512', 'diffie-hellman-group18-sha512', 'diffie-hellman-group14-sha256', 'diffie-hellman-group14-sha1'] server key:['ssh-rsa', 'rsa-sha2-512', 'rsa-sha2-256', 'ecdsa-sha2-nistp256', 'ssh-ed25519'] client encrypt:['chacha20-poly1305@openssh.com', 'aes128-ctr', 'aes192-ctr', 'aes256-ctr', 'aes128-gcm@openssh.com', 'aes256-gcm@openssh.com'] server encrypt:['chacha20-poly1305@openssh.com', 'aes128-ctr', 'aes192-ctr', 'aes256-ctr', 'aes128-gcm@openssh.com', 'aes256-gcm@openssh.com'] client mac:['umac-64-etm@openssh.com', 'umac-128-etm@openssh.com', 'hmac-sha2-256-etm@openssh.com', 'hmac-sha2-512-etm@openssh.com', 'hmac-sha1-etm@openssh.com', 'umac-64@openssh.com', 'umac-128@openssh.com', 'hmac-sha2-256', 'hmac-sha2-512', 'hmac-sha1'] server mac:['umac-64-etm@openssh.com', 'umac-128-etm@openssh.com', 'hmac-sha2-256-etm@openssh.com', 'hmac-sha2-512-etm@openssh.com', 'hmac-sha1-etm@openssh.com', 'umac-64@openssh.com', 'umac-128@openssh.com', 'hmac-sha2-256', 'hmac-sha2-512', 'hmac-sha1'] client compress:['none', 'zlib@openssh.com'] server compress:['none', 'zlib@openssh.com'] client lang:[''] server lang:[''] kex follows?False
DEB [20190615-16:23:02.208] thr=1   paramiko.transport: Kex agreed: ecdh-sha2-nistp256
DEB [20190615-16:23:02.208] thr=1   paramiko.transport: HostKey agreed: ecdsa-sha2-nistp256
DEB [20190615-16:23:02.208] thr=1   paramiko.transport: Cipher agreed: aes128-ctr
DEB [20190615-16:23:02.208] thr=1   paramiko.transport: MAC agreed: hmac-sha2-256
DEB [20190615-16:23:02.208] thr=1   paramiko.transport: Compression agreed: none
DEB [20190615-16:23:02.270] thr=1   paramiko.transport: kex engine KexNistp256 specified hash_algo <built-in function openssl_sha256>
DEB [20190615-16:23:02.270] thr=1   paramiko.transport: Switch to new keys ...
DEB [20190615-16:23:02.271] thr=2   paramiko.transport: Attempting GSS-API auth... (gssapi-with-mic)
DEB [20190615-16:23:02.319] thr=1   paramiko.transport: userauth is OK
DEB [20190615-16:23:02.323] thr=1   paramiko.transport: Authentication type (gssapi-with-mic) not permitted.
DEB [20190615-16:23:02.324] thr=1   paramiko.transport: Allowed methods: ['publickey', 'password']
DEB [20190615-16:25:21.228] thr=1   paramiko.transport: starting thread (client mode): 0x21d03eb8
DEB [20190615-16:25:21.228] thr=1   paramiko.transport: Local version/idstring: SSH-2.0-paramiko_2.4.2
DEB [20190615-16:25:21.239] thr=1   paramiko.transport: Remote version/idstring: SSH-2.0-OpenSSH_7.6p1 Ubuntu-4ubuntu0.3
INF [20190615-16:25:21.239] thr=1   paramiko.transport: Connected (version 2.0, client OpenSSH_7.6p1)
DEB [20190615-16:25:21.243] thr=1   paramiko.transport: kex algos:['curve25519-sha256', 'curve25519-sha256@libssh.org', 'ecdh-sha2-nistp256', 'ecdh-sha2-nistp384', 'ecdh-sha2-nistp521', 'diffie-hellman-group-exchange-sha256', 'diffie-hellman-group16-sha512', 'diffie-hellman-group18-sha512', 'diffie-hellman-group14-sha256', 'diffie-hellman-group14-sha1'] server key:['ssh-rsa', 'rsa-sha2-512', 'rsa-sha2-256', 'ecdsa-sha2-nistp256', 'ssh-ed25519'] client encrypt:['chacha20-poly1305@openssh.com', 'aes128-ctr', 'aes192-ctr', 'aes256-ctr', 'aes128-gcm@openssh.com', 'aes256-gcm@openssh.com'] server encrypt:['chacha20-poly1305@openssh.com', 'aes128-ctr', 'aes192-ctr', 'aes256-ctr', 'aes128-gcm@openssh.com', 'aes256-gcm@openssh.com'] client mac:['umac-64-etm@openssh.com', 'umac-128-etm@openssh.com', 'hmac-sha2-256-etm@openssh.com', 'hmac-sha2-512-etm@openssh.com', 'hmac-sha1-etm@openssh.com', 'umac-64@openssh.com', 'umac-128@openssh.com', 'hmac-sha2-256', 'hmac-sha2-512', 'hmac-sha1'] server mac:['umac-64-etm@openssh.com', 'umac-128-etm@openssh.com', 'hmac-sha2-256-etm@openssh.com', 'hmac-sha2-512-etm@openssh.com', 'hmac-sha1-etm@openssh.com', 'umac-64@openssh.com', 'umac-128@openssh.com', 'hmac-sha2-256', 'hmac-sha2-512', 'hmac-sha1'] client compress:['none', 'zlib@openssh.com'] server compress:['none', 'zlib@openssh.com'] client lang:[''] server lang:[''] kex follows?False
DEB [20190615-16:25:21.243] thr=1   paramiko.transport: Kex agreed: ecdh-sha2-nistp256
DEB [20190615-16:25:21.243] thr=1   paramiko.transport: HostKey agreed: ecdsa-sha2-nistp256
DEB [20190615-16:25:21.243] thr=1   paramiko.transport: Cipher agreed: aes128-ctr
DEB [20190615-16:25:21.243] thr=1   paramiko.transport: MAC agreed: hmac-sha2-256
DEB [20190615-16:25:21.243] thr=1   paramiko.transport: Compression agreed: none
DEB [20190615-16:25:21.301] thr=1   paramiko.transport: kex engine KexNistp256 specified hash_algo <built-in function openssl_sha256>
DEB [20190615-16:25:21.302] thr=1   paramiko.transport: Switch to new keys ...
DEB [20190615-16:25:21.303] thr=2   paramiko.transport: Attempting GSS-API auth... (gssapi-with-mic)
DEB [20190615-16:25:21.348] thr=1   paramiko.transport: userauth is OK
DEB [20190615-16:25:21.353] thr=1   paramiko.transport: Authentication type (gssapi-with-mic) not permitted.
DEB [20190615-16:25:21.354] thr=1   paramiko.transport: Allowed methods: ['publickey', 'password']
